<?xml version="1.0" encoding="UTF-8"?>
<testng-results skipped="0" failed="0" total="4" passed="4">
  <reporter-output>
  </reporter-output>
  <suite name="Default suite" duration-ms="1646" started-at="2022-03-21T10:14:10Z" finished-at="2022-03-21T10:14:12Z">
    <groups>
    </groups>
    <test name="Default test" duration-ms="1646" started-at="2022-03-21T10:14:10Z" finished-at="2022-03-21T10:14:12Z">
      <class name="RestAssured.REST.LocalHostApiTesting">
        <test-method status="PASS" signature="CreateUser(org.testng.ITestContext)[pri:0, instance:RestAssured.REST.LocalHostApiTesting@19bb089b]" name="CreateUser" duration-ms="1539" started-at="2022-03-21T15:44:10Z" finished-at="2022-03-21T15:44:12Z">
          <params>
            <param index="0">
              <value>
                <![CDATA[org.testng.TestRunner@2c6a3f77]]>
              </value>
            </param>
          </params>
          <reporter-output>
          </reporter-output>
        </test-method> <!-- CreateUser -->
        <test-method status="PASS" signature="update(org.testng.ITestContext)[pri:0, instance:RestAssured.REST.LocalHostApiTesting@19bb089b]" name="update" duration-ms="40" started-at="2022-03-21T15:44:12Z" finished-at="2022-03-21T15:44:12Z">
          <params>
            <param index="0">
              <value>
                <![CDATA[org.testng.TestRunner@2c6a3f77]]>
              </value>
            </param>
          </params>
          <reporter-output>
          </reporter-output>
        </test-method> <!-- update -->
        <test-method status="PASS" signature="getafteredit(org.testng.ITestContext)[pri:0, instance:RestAssured.REST.LocalHostApiTesting@19bb089b]" name="getafteredit" duration-ms="12" started-at="2022-03-21T15:44:12Z" finished-at="2022-03-21T15:44:12Z">
          <params>
            <param index="0">
              <value>
                <![CDATA[org.testng.TestRunner@2c6a3f77]]>
              </value>
            </param>
          </params>
          <reporter-output>
          </reporter-output>
        </test-method> <!-- getafteredit -->
        <test-method status="PASS" signature="delete(org.testng.ITestContext)[pri:0, instance:RestAssured.REST.LocalHostApiTesting@19bb089b]" name="delete" duration-ms="47" started-at="2022-03-21T15:44:12Z" finished-at="2022-03-21T15:44:12Z">
          <params>
            <param index="0">
              <value>
                <![CDATA[org.testng.TestRunner@2c6a3f77]]>
              </value>
            </param>
          </params>
          <reporter-output>
          </reporter-output>
        </test-method> <!-- delete -->
      </class> <!-- RestAssured.REST.LocalHostApiTesting -->
    </test> <!-- Default test -->
  </suite> <!-- Default suite -->
</testng-results>
